2022.07.24 13:57:20 INFO  tracing is disabled for protocol LSP, to enable tracing of incoming and outgoing JSON messages create an empty file at /home/tom/workspace/tom/Training/Tom/.metals/lsp.trace.json or /home/tom/.cache/metals/lsp.trace.json[0m
2022.07.24 13:57:21 INFO  logging to file /home/tom/workspace/tom/Training/Tom/.metals/metals.log[0m
2022.07.24 13:57:21 INFO  Started: Metals version 0.11.7 in workspace '/home/tom/workspace/tom/Training/Tom' for client Visual Studio Code 1.69.2.[0m
2022.07.24 13:57:27 INFO  time: initialize in 6.07s[0m
2022.07.24 13:57:27 WARN  Flyway upgrade recommended: H2 2.1.214 is newer than this version of Flyway and support has not been tested. The latest supported version of H2 is 2.1.210.[0m
2022.07.24 13:57:27 WARN  Build server is not auto-connectable.[0m
2022.07.24 13:57:29 WARN  no build target for: /home/tom/workspace/tom/Training/Tom/build.sbt[0m
2022.07.24 13:57:34 ERROR Unexpected error initializing serverjava.nio.file.AccessDeniedException: /home/tom/workspace/tom/Training/Tom/project/metals.sbt
	at sun.nio.fs.UnixException.translateToIOException(UnixException.java:90)
	at sun.nio.fs.UnixException.rethrowAsIOException(UnixException.java:106)
	at sun.nio.fs.UnixException.rethrowAsIOException(UnixException.java:111)
	at sun.nio.fs.UnixFileSystemProvider.newByteChannel(UnixFileSystemProvider.java:218)
	at java.nio.file.spi.FileSystemProvider.newOutputStream(FileSystemProvider.java:484)
	at java.nio.file.Files.newOutputStream(Files.java:228)
	at java.nio.file.Files.write(Files.java:3513)
	at scala.meta.internal.builds.SbtBuildTool$.writePlugins(SbtBuildTool.scala:204)
	at scala.meta.internal.builds.SbtBuildTool.$anonfun$writeBloopPlugin$2(SbtBuildTool.scala:166)
	at scala.meta.internal.builds.SbtBuildTool.$anonfun$writeBloopPlugin$2$adapted(SbtBuildTool.scala:165)
	at scala.collection.immutable.Set$Set2.foreach(Set.scala:201)
	at scala.meta.internal.builds.SbtBuildTool.writeBloopPlugin(SbtBuildTool.scala:165)
	at scala.meta.internal.builds.SbtBuildTool.bloopInstallArgs(SbtBuildTool.scala:47)
	at scala.meta.internal.builds.BloopInstallProvider.bloopInstall(BloopInstallProvider.scala:19)
	at scala.meta.internal.builds.BloopInstallProvider.bloopInstall$(BloopInstallProvider.scala:15)
	at scala.meta.internal.builds.SbtBuildTool.bloopInstall(SbtBuildTool.scala:16)
	at scala.meta.internal.builds.BloopInstall.runUnconditionally(BloopInstall.scala:41)
	at scala.meta.internal.builds.BloopInstall.$anonfun$runIfApproved$2(BloopInstall.scala:126)
	at scala.concurrent.impl.Promise$Transformation.run(Promise.scala:470)
	at java.util.concurrent.ThreadPoolExecutor.runWorker(ThreadPoolExecutor.java:1136)
	at java.util.concurrent.ThreadPoolExecutor$Worker.run(ThreadPoolExecutor.java:635)
	at java.lang.Thread.run(Thread.java:833)
[0m
2022.07.24 13:57:40 INFO  no build target found for /home/tom/workspace/tom/Training/Tom/build.sbt. Using presentation compiler with project's scala-library version: 3.1.3[0m
2022.07.24 13:58:26 INFO  no build target found for /home/tom/workspace/tom/Training/Tom/tom.worksheet.sc. Using presentation compiler with project's scala-library version: 3.1.3[0m
2022.07.24 13:58:26 INFO  time: evaluated worksheet 'tom.worksheet.sc' in 19s[0m
2022.07.24 13:58:26 INFO  time: evaluated worksheet 'tom.worksheet.sc' in 0.46s[0m
2022.07.24 13:58:26 INFO  time: evaluated worksheet 'tom.worksheet.sc' in 0.38s[0m
2022.07.24 13:58:40 INFO  time: evaluated worksheet 'tom.worksheet.sc' in 0.37s[0m
2022.07.24 14:09:10 WARN  no build target for: /home/tom/workspace/tom/Training/Tom/EntryPoint.scala[0m
2022.07.24 14:09:20 WARN  no build target for: /home/tom/workspace/tom/Training/Tom/EntryPoint.scala[0m
2022.07.24 14:09:20 INFO  skipping build import with status 'Requested'[0m
2022.07.24 14:09:41 WARN  no build target for: /home/tom/workspace/tom/Training/Tom/EntryPoint.scala[0m
2022.07.24 14:09:41 INFO  skipping build import with status 'Requested'[0m
2022.07.24 14:09:44 WARN  no build target for: /home/tom/workspace/tom/Training/Tom/EntryPoint.scala[0m
2022.07.24 14:09:44 INFO  skipping build import with status 'Requested'[0m
Jul 24, 2022 2:09:59 PM org.eclipse.lsp4j.jsonrpc.services.GenericEndpoint notify
INFO: Unsupported notification method: $/setTrace
2022.07.24 14:10:45 WARN  no build target for: /home/tom/workspace/tom/Training/Tom/EntryPoint.scala[0m
2022.07.24 14:10:45 INFO  skipping build import with status 'Requested'[0m
2022.07.24 14:10:50 WARN  no build target for: /home/tom/workspace/tom/Training/Tom/EntryPoint.scala[0m
2022.07.24 14:10:50 INFO  skipping build import with status 'Requested'[0m
2022.07.24 14:10:51 WARN  no build target for: /home/tom/workspace/tom/Training/Tom/EntryPoint.scala[0m
2022.07.24 14:10:51 INFO  skipping build import with status 'Requested'[0m
2022.07.24 14:10:55 WARN  no build target for: /home/tom/workspace/tom/Training/Tom/EntryPoint.scala[0m
2022.07.24 14:10:55 INFO  skipping build import with status 'Requested'[0m
2022.07.24 14:10:59 WARN  no build target for: /home/tom/workspace/tom/Training/Tom/EntryPoint.scala[0m
2022.07.24 14:10:59 INFO  skipping build import with status 'Requested'[0m
2022.07.24 14:11:02 WARN  no build target for: /home/tom/workspace/tom/Training/Tom/EntryPoint.scala[0m
2022.07.24 14:11:02 INFO  skipping build import with status 'Requested'[0m
2022.07.24 14:11:08 WARN  no build target for: /home/tom/workspace/tom/Training/Tom/EntryPoint.scala[0m
2022.07.24 14:11:08 INFO  skipping build import with status 'Requested'[0m
2022.07.24 14:16:51 WARN  no build target for: /home/tom/workspace/tom/Training/Tom/EntryPoint.scala[0m
2022.07.24 14:16:51 INFO  skipping build import with status 'Requested'[0m
2022.07.24 14:16:55 WARN  no build target for: /home/tom/workspace/tom/Training/Tom/EntryPoint.scala[0m
2022.07.24 14:16:55 INFO  skipping build import with status 'Requested'[0m
2022.07.24 14:17:17 WARN  no build target for: /home/tom/workspace/tom/Training/Tom/EntryPoint.scala[0m
2022.07.24 14:17:17 INFO  skipping build import with status 'Requested'[0m
Exception in thread "pool-3-thread-1" java.lang.InterruptedException
	at scala.meta.internal.metals.FutureCancelToken.checkCanceled(FutureCancelToken.scala:29)
	at scala.meta.internal.pc.CompilerAccess.onCompilerJobQueue$$anonfun$1(CompilerAccess.scala:196)
	at scala.meta.internal.pc.CompilerJobQueue$Job.run(CompilerJobQueue.scala:152)
	at java.base/java.util.concurrent.ThreadPoolExecutor.runWorker(ThreadPoolExecutor.java:1136)
	at java.base/java.util.concurrent.ThreadPoolExecutor$Worker.run(ThreadPoolExecutor.java:635)
	at java.base/java.lang.Thread.run(Thread.java:833)
2022.07.24 14:17:19 WARN  no build target for: /home/tom/workspace/tom/Training/Tom/EntryPoint.scala[0m
2022.07.24 14:17:19 INFO  skipping build import with status 'Requested'[0m
2022.07.24 14:17:34 WARN  no build target for: /home/tom/workspace/tom/Training/Tom/EntryPoint.scala[0m
2022.07.24 14:17:34 INFO  skipping build import with status 'Requested'[0m
2022.07.24 14:19:43 WARN  no build target for: /home/tom/workspace/tom/Training/Tom/EntryPoint.scala[0m
2022.07.24 14:19:43 INFO  skipping build import with status 'Requested'[0m
Jul 24, 2022 2:34:12 PM org.eclipse.lsp4j.jsonrpc.services.GenericEndpoint notify
INFO: Unsupported notification method: $/setTrace
Jul 24, 2022 2:35:05 PM org.eclipse.lsp4j.jsonrpc.services.GenericEndpoint notify
INFO: Unsupported notification method: $/setTrace
[31merror[39m: tom.worksheet.sc:3:9: illegal start of simple expression
val x = 
        ^
2022.07.24 14:36:23 INFO  time: evaluated worksheet 'tom.worksheet.sc' in 0.24s[0m
Downloading https://repo1.maven.org/maven2/org/scalameta/scalafmt-core_2.13/3.5.3/scalafmt-core_2.13-3.5.3.pom
Downloaded https://repo1.maven.org/maven2/org/scalameta/scalafmt-core_2.13/3.5.3/scalafmt-core_2.13-3.5.3.pom
Downloading https://repo1.maven.org/maven2/org/scalameta/scalameta_2.13/4.5.5/scalameta_2.13-4.5.5.pom
Downloading https://repo1.maven.org/maven2/org/scalameta/scalafmt-sysops_2.13/3.5.3/scalafmt-sysops_2.13-3.5.3.pom
Downloading https://repo1.maven.org/maven2/org/scalameta/scalafmt-config_2.13/3.5.3/scalafmt-config_2.13-3.5.3.pom
Downloaded https://repo1.maven.org/maven2/org/scalameta/scalafmt-sysops_2.13/3.5.3/scalafmt-sysops_2.13-3.5.3.pom
Downloaded https://repo1.maven.org/maven2/org/scalameta/scalafmt-config_2.13/3.5.3/scalafmt-config_2.13-3.5.3.pom
Downloaded https://repo1.maven.org/maven2/org/scalameta/scalameta_2.13/4.5.5/scalameta_2.13-4.5.5.pom
Downloading https://repo1.maven.org/maven2/com/geirsson/metaconfig-typesafe-config_2.13/0.10.0/metaconfig-typesafe-config_2.13-0.10.0.pom
Downloading https://repo1.maven.org/maven2/org/scalameta/parsers_2.13/4.5.5/parsers_2.13-4.5.5.pom
Downloaded https://repo1.maven.org/maven2/org/scalameta/parsers_2.13/4.5.5/parsers_2.13-4.5.5.pom
Downloaded https://repo1.maven.org/maven2/com/geirsson/metaconfig-typesafe-config_2.13/0.10.0/metaconfig-typesafe-config_2.13-0.10.0.pom
Downloading https://repo1.maven.org/maven2/org/scala-lang/modules/scala-collection-compat_2.13/2.5.0/scala-collection-compat_2.13-2.5.0.pom
Downloading https://repo1.maven.org/maven2/org/scalameta/trees_2.13/4.5.5/trees_2.13-4.5.5.pom
Downloaded https://repo1.maven.org/maven2/org/scalameta/trees_2.13/4.5.5/trees_2.13-4.5.5.pom
Downloaded https://repo1.maven.org/maven2/org/scala-lang/modules/scala-collection-compat_2.13/2.5.0/scala-collection-compat_2.13-2.5.0.pom
Downloading https://repo1.maven.org/maven2/org/scalameta/common_2.13/4.5.5/common_2.13-4.5.5.pom
Downloaded https://repo1.maven.org/maven2/org/scalameta/common_2.13/4.5.5/common_2.13-4.5.5.pom
Downloading https://repo1.maven.org/maven2/com/lihaoyi/sourcecode_2.13/0.2.7/sourcecode_2.13-0.2.7.pom
Downloading https://repo1.maven.org/maven2/com/lihaoyi/geny_2.13/0.6.5/geny_2.13-0.6.5.pom
Downloaded https://repo1.maven.org/maven2/com/lihaoyi/geny_2.13/0.6.5/geny_2.13-0.6.5.pom
Downloaded https://repo1.maven.org/maven2/com/lihaoyi/sourcecode_2.13/0.2.7/sourcecode_2.13-0.2.7.pom
Downloading https://repo1.maven.org/maven2/org/scalameta/scalafmt-config_2.13/3.5.3/scalafmt-config_2.13-3.5.3.jar
Downloading https://repo1.maven.org/maven2/org/scalameta/scalafmt-core_2.13/3.5.3/scalafmt-core_2.13-3.5.3.jar
Downloading https://repo1.maven.org/maven2/org/scalameta/scalafmt-sysops_2.13/3.5.3/scalafmt-sysops_2.13-3.5.3.jar
Downloading https://repo1.maven.org/maven2/com/lihaoyi/geny_2.13/0.6.5/geny_2.13-0.6.5.jar
Downloading https://repo1.maven.org/maven2/org/scalameta/parsers_2.13/4.5.5/parsers_2.13-4.5.5.jar
Downloading https://repo1.maven.org/maven2/org/scalameta/common_2.13/4.5.5/common_2.13-4.5.5.jar
Downloaded https://repo1.maven.org/maven2/org/scalameta/scalafmt-config_2.13/3.5.3/scalafmt-config_2.13-3.5.3.jar
Downloading https://repo1.maven.org/maven2/org/scalameta/scalameta_2.13/4.5.5/scalameta_2.13-4.5.5.jar
Downloaded https://repo1.maven.org/maven2/com/lihaoyi/geny_2.13/0.6.5/geny_2.13-0.6.5.jar
Downloading https://repo1.maven.org/maven2/org/scala-lang/modules/scala-collection-compat_2.13/2.5.0/scala-collection-compat_2.13-2.5.0.jar
Downloaded https://repo1.maven.org/maven2/org/scala-lang/modules/scala-collection-compat_2.13/2.5.0/scala-collection-compat_2.13-2.5.0.jar
Downloading https://repo1.maven.org/maven2/com/geirsson/metaconfig-typesafe-config_2.13/0.10.0/metaconfig-typesafe-config_2.13-0.10.0.jar
Downloaded https://repo1.maven.org/maven2/org/scalameta/scalafmt-sysops_2.13/3.5.3/scalafmt-sysops_2.13-3.5.3.jar
Downloading https://repo1.maven.org/maven2/com/lihaoyi/sourcecode_2.13/0.2.7/sourcecode_2.13-0.2.7.jar
Downloaded https://repo1.maven.org/maven2/com/geirsson/metaconfig-typesafe-config_2.13/0.10.0/metaconfig-typesafe-config_2.13-0.10.0.jar
Downloading https://repo1.maven.org/maven2/org/scalameta/trees_2.13/4.5.5/trees_2.13-4.5.5.jar
Downloaded https://repo1.maven.org/maven2/org/scalameta/parsers_2.13/4.5.5/parsers_2.13-4.5.5.jar
Downloaded https://repo1.maven.org/maven2/com/lihaoyi/sourcecode_2.13/0.2.7/sourcecode_2.13-0.2.7.jar
Downloaded https://repo1.maven.org/maven2/org/scalameta/scalameta_2.13/4.5.5/scalameta_2.13-4.5.5.jar
Downloaded https://repo1.maven.org/maven2/org/scalameta/common_2.13/4.5.5/common_2.13-4.5.5.jar
Downloaded https://repo1.maven.org/maven2/org/scalameta/scalafmt-core_2.13/3.5.3/scalafmt-core_2.13-3.5.3.jar
Downloaded https://repo1.maven.org/maven2/org/scalameta/trees_2.13/4.5.5/trees_2.13-4.5.5.jar
2022.07.24 14:36:43 INFO  time: evaluated worksheet 'tom.worksheet.sc' in 0.33s[0m
2022.07.24 14:36:51 INFO  time: evaluated worksheet 'tom.worksheet.sc' in 0.29s[0m
[31merror[39m: tom.worksheet.sc:5:1: 
Reassignment to val x
x = 9
^^^^^
2022.07.24 14:37:08 INFO  time: evaluated worksheet 'tom.worksheet.sc' in 0.12s[0m
2022.07.24 14:37:20 INFO  time: evaluated worksheet 'tom.worksheet.sc' in 0.35s[0m
2022.07.24 14:41:10 INFO  time: evaluated worksheet 'tom.worksheet.sc' in 0.37s[0m
2022.07.24 14:41:27 ERROR scalafmt: <input>:9: error: [dialect scala213] illegal start of simple expression

^[0m
[31merror[39m: tom.worksheet.sc:9:1: illegal start of simple expression

^
2022.07.24 14:41:28 INFO  time: evaluated worksheet 'tom.worksheet.sc' in 0.18s[0m
2022.07.24 14:41:38 INFO  time: evaluated worksheet 'tom.worksheet.sc' in 0.28s[0m
2022.07.24 14:41:46 INFO  time: evaluated worksheet 'tom.worksheet.sc' in 0.27s[0m
2022.07.24 14:41:53 INFO  time: evaluated worksheet 'tom.worksheet.sc' in 0.26s[0m
2022.07.24 14:42:08 INFO  time: evaluated worksheet 'tom.worksheet.sc' in 0.23s[0m
2022.07.24 14:42:19 INFO  time: evaluated worksheet 'tom.worksheet.sc' in 0.23s[0m
2022.07.24 14:42:20 ERROR scalafmt: <input>:9: error: [dialect scala213] ; expected but else found
else println("Positive")
^[0m
[31merror[39m: tom.worksheet.sc:9:1: ; expected but else found
else println("Positive")
^^^^
2022.07.24 14:42:21 INFO  time: evaluated worksheet 'tom.worksheet.sc' in 0.12s[0m
2022.07.24 14:42:23 INFO  time: evaluated worksheet 'tom.worksheet.sc' in 0.28s[0m
2022.07.24 14:42:30 INFO  time: evaluated worksheet 'tom.worksheet.sc' in 0.2s[0m
2022.07.24 14:42:52 INFO  time: evaluated worksheet 'tom.worksheet.sc' in 0.29s[0m
2022.07.24 14:42:53 INFO  time: evaluated worksheet 'tom.worksheet.sc' in 0.22s[0m
2022.07.24 14:43:06 INFO  time: evaluated worksheet 'tom.worksheet.sc' in 0.26s[0m
2022.07.24 14:43:32 ERROR scalafmt: <input>:13: error: [dialect scala213] illegal start of simple expression
for (element <- listOfInt)
                          ^[0m
[31merror[39m: tom.worksheet.sc:13:27: illegal start of simple expression
for (element <- listOfInt)
                          ^
2022.07.24 14:43:33 INFO  time: evaluated worksheet 'tom.worksheet.sc' in 0.14s[0m
2022.07.24 14:43:47 INFO  time: evaluated worksheet 'tom.worksheet.sc' in 0.25s[0m
2022.07.24 14:44:26 INFO  time: evaluated worksheet 'tom.worksheet.sc' in 0.26s[0m
2022.07.24 14:44:40 INFO  time: evaluated worksheet 'tom.worksheet.sc' in 0.28s[0m
2022.07.24 14:45:21 INFO  time: evaluated worksheet 'tom.worksheet.sc' in 0.25s[0m
2022.07.24 14:45:25 INFO  time: evaluated worksheet 'tom.worksheet.sc' in 0.26s[0m
2022.07.24 14:45:29 INFO  time: evaluated worksheet 'tom.worksheet.sc' in 0.27s[0m
2022.07.24 14:45:48 ERROR scalafmt: <input>:17: error: [dialect scala213] illegal start of simple expression
val reuslt = for(e <-listOfInt)
                               ^[0m
[31merror[39m: tom.worksheet.sc:17:32: illegal start of simple expression
val reuslt = for(e <-listOfInt)
                               ^
2022.07.24 14:45:48 INFO  time: evaluated worksheet 'tom.worksheet.sc' in 0.11s[0m
Jul 24, 2022 2:46:05 PM org.eclipse.lsp4j.jsonrpc.RemoteEndpoint fallbackResponseError
SEVERE: Internal error: java.lang.reflect.InvocationTargetException
java.lang.RuntimeException: java.lang.reflect.InvocationTargetException
	at org.eclipse.lsp4j.jsonrpc.services.GenericEndpoint.lambda$null$0(GenericEndpoint.java:67)
	at org.eclipse.lsp4j.jsonrpc.services.GenericEndpoint.request(GenericEndpoint.java:120)
	at org.eclipse.lsp4j.jsonrpc.RemoteEndpoint.handleRequest(RemoteEndpoint.java:261)
	at org.eclipse.lsp4j.jsonrpc.RemoteEndpoint.consume(RemoteEndpoint.java:190)
	at org.eclipse.lsp4j.jsonrpc.json.StreamMessageProducer.handleMessage(StreamMessageProducer.java:194)
	at org.eclipse.lsp4j.jsonrpc.json.StreamMessageProducer.listen(StreamMessageProducer.java:94)
	at org.eclipse.lsp4j.jsonrpc.json.ConcurrentMessageProcessor.run(ConcurrentMessageProcessor.java:113)
	at java.base/java.util.concurrent.Executors$RunnableAdapter.call(Executors.java:539)
	at java.base/java.util.concurrent.FutureTask.run(FutureTask.java:264)
	at java.base/java.util.concurrent.ThreadPoolExecutor.runWorker(ThreadPoolExecutor.java:1136)
	at java.base/java.util.concurrent.ThreadPoolExecutor$Worker.run(ThreadPoolExecutor.java:635)
	at java.base/java.lang.Thread.run(Thread.java:833)
Caused by: java.lang.reflect.InvocationTargetException
	at java.base/jdk.internal.reflect.DirectMethodHandleAccessor.invoke(DirectMethodHandleAccessor.java:119)
	at java.base/java.lang.reflect.Method.invoke(Method.java:577)
	at org.eclipse.lsp4j.jsonrpc.services.GenericEndpoint.lambda$null$0(GenericEndpoint.java:65)
	... 11 more
Caused by: java.lang.IllegalArgumentException: 18 is not a valid line number, allowed [0..17]
	at scala.meta.internal.inputs.InternalInput.lineToOffset(InternalInput.scala:37)
	at scala.meta.internal.inputs.InternalInput.lineToOffset$(InternalInput.scala:32)
	at scala.meta.inputs.Input$VirtualFile.lineToOffset(Input.scala:80)
	at scala.meta.inputs.Position$Range$.lineLength$1(Position.scala:57)
	at scala.meta.inputs.Position$Range$.apply(Position.scala:60)
	at scala.meta.internal.mtags.MtagsEnrichments$XtensionPositionLspInverse.toMeta(MtagsEnrichments.scala:179)
	at scala.meta.internal.parsing.Trees.$anonfun$findLastEnclosingAt$4(Trees.scala:77)
	at scala.Option.flatMap(Option.scala:283)
	at scala.meta.internal.parsing.Trees.findLastEnclosingAt(Trees.scala:76)
	at scala.meta.internal.metals.codeactions.PatternMatchRefactor.contribute(PatternMatchRefactor.scala:96)
	at scala.meta.internal.metals.CodeActionProvider$$anonfun$1.applyOrElse(CodeActionProvider.scala:66)
	at scala.meta.internal.metals.CodeActionProvider$$anonfun$1.applyOrElse(CodeActionProvider.scala:65)
	at scala.collection.immutable.List.collect(List.scala:275)
	at scala.meta.internal.metals.CodeActionProvider.codeActions(CodeActionProvider.scala:65)
	at scala.meta.internal.metals.MetalsLanguageServer.$anonfun$codeAction$1(MetalsLanguageServer.scala:1652)
	at scala.meta.internal.metals.CancelTokens$.future(CancelTokens.scala:38)
	at scala.meta.internal.metals.MetalsLanguageServer.codeAction(MetalsLanguageServer.scala:1651)
	at java.base/jdk.internal.reflect.DirectMethodHandleAccessor.invoke(DirectMethodHandleAccessor.java:104)
	... 13 more

Jul 24, 2022 2:46:06 PM org.eclipse.lsp4j.jsonrpc.RemoteEndpoint fallbackResponseError
SEVERE: Internal error: java.lang.reflect.InvocationTargetException
java.lang.RuntimeException: java.lang.reflect.InvocationTargetException
	at org.eclipse.lsp4j.jsonrpc.services.GenericEndpoint.lambda$null$0(GenericEndpoint.java:67)
	at org.eclipse.lsp4j.jsonrpc.services.GenericEndpoint.request(GenericEndpoint.java:120)
	at org.eclipse.lsp4j.jsonrpc.RemoteEndpoint.handleRequest(RemoteEndpoint.java:261)
	at org.eclipse.lsp4j.jsonrpc.RemoteEndpoint.consume(RemoteEndpoint.java:190)
	at org.eclipse.lsp4j.jsonrpc.json.StreamMessageProducer.handleMessage(StreamMessageProducer.java:194)
	at org.eclipse.lsp4j.jsonrpc.json.StreamMessageProducer.listen(StreamMessageProducer.java:94)
	at org.eclipse.lsp4j.jsonrpc.json.ConcurrentMessageProcessor.run(ConcurrentMessageProcessor.java:113)
	at java.base/java.util.concurrent.Executors$RunnableAdapter.call(Executors.java:539)
	at java.base/java.util.concurrent.FutureTask.run(FutureTask.java:264)
	at java.base/java.util.concurrent.ThreadPoolExecutor.runWorker(ThreadPoolExecutor.java:1136)
	at java.base/java.util.concurrent.ThreadPoolExecutor$Worker.run(ThreadPoolExecutor.java:635)
	at java.base/java.lang.Thread.run(Thread.java:833)
Caused by: java.lang.reflect.InvocationTargetException
	at java.base/jdk.internal.reflect.DirectMethodHandleAccessor.invoke(DirectMethodHandleAccessor.java:119)
	at java.base/java.lang.reflect.Method.invoke(Method.java:577)
	at org.eclipse.lsp4j.jsonrpc.services.GenericEndpoint.lambda$null$0(GenericEndpoint.java:65)
	... 11 more
Caused by: java.lang.IllegalArgumentException: 18 is not a valid line number, allowed [0..17]
	at scala.meta.internal.inputs.InternalInput.lineToOffset(InternalInput.scala:37)
	at scala.meta.internal.inputs.InternalInput.lineToOffset$(InternalInput.scala:32)
	at scala.meta.inputs.Input$VirtualFile.lineToOffset(Input.scala:80)
	at scala.meta.inputs.Position$Range$.lineLength$1(Position.scala:57)
	at scala.meta.inputs.Position$Range$.apply(Position.scala:60)
	at scala.meta.internal.mtags.MtagsEnrichments$XtensionPositionLspInverse.toMeta(MtagsEnrichments.scala:179)
	at scala.meta.internal.parsing.Trees.$anonfun$findLastEnclosingAt$4(Trees.scala:77)
	at scala.Option.flatMap(Option.scala:283)
	at scala.meta.internal.parsing.Trees.findLastEnclosingAt(Trees.scala:76)
	at scala.meta.internal.metals.codeactions.PatternMatchRefactor.contribute(PatternMatchRefactor.scala:96)
	at scala.meta.internal.metals.CodeActionProvider$$anonfun$1.applyOrElse(CodeActionProvider.scala:66)
	at scala.meta.internal.metals.CodeActionProvider$$anonfun$1.applyOrElse(CodeActionProvider.scala:65)
	at scala.collection.immutable.List.collect(List.scala:275)
	at scala.meta.internal.metals.CodeActionProvider.codeActions(CodeActionProvider.scala:65)
	at scala.meta.internal.metals.MetalsLanguageServer.$anonfun$codeAction$1(MetalsLanguageServer.scala:1652)
	at scala.meta.internal.metals.CancelTokens$.future(CancelTokens.scala:38)
	at scala.meta.internal.metals.MetalsLanguageServer.codeAction(MetalsLanguageServer.scala:1651)
	at java.base/jdk.internal.reflect.DirectMethodHandleAccessor.invoke(DirectMethodHandleAccessor.java:104)
	... 13 more

Jul 24, 2022 2:46:07 PM org.eclipse.lsp4j.jsonrpc.RemoteEndpoint fallbackResponseError
SEVERE: Internal error: java.lang.reflect.InvocationTargetException
java.lang.RuntimeException: java.lang.reflect.InvocationTargetException
	at org.eclipse.lsp4j.jsonrpc.services.GenericEndpoint.lambda$null$0(GenericEndpoint.java:67)
	at org.eclipse.lsp4j.jsonrpc.services.GenericEndpoint.request(GenericEndpoint.java:120)
	at org.eclipse.lsp4j.jsonrpc.RemoteEndpoint.handleRequest(RemoteEndpoint.java:261)
	at org.eclipse.lsp4j.jsonrpc.RemoteEndpoint.consume(RemoteEndpoint.java:190)
	at org.eclipse.lsp4j.jsonrpc.json.StreamMessageProducer.handleMessage(StreamMessageProducer.java:194)
	at org.eclipse.lsp4j.jsonrpc.json.StreamMessageProducer.listen(StreamMessageProducer.java:94)
	at org.eclipse.lsp4j.jsonrpc.json.ConcurrentMessageProcessor.run(ConcurrentMessageProcessor.java:113)
	at java.base/java.util.concurrent.Executors$RunnableAdapter.call(Executors.java:539)
	at java.base/java.util.concurrent.FutureTask.run(FutureTask.java:264)
	at java.base/java.util.concurrent.ThreadPoolExecutor.runWorker(ThreadPoolExecutor.java:1136)
	at java.base/java.util.concurrent.ThreadPoolExecutor$Worker.run(ThreadPoolExecutor.java:635)
	at java.base/java.lang.Thread.run(Thread.java:833)
Caused by: java.lang.reflect.InvocationTargetException
	at java.base/jdk.internal.reflect.DirectMethodHandleAccessor.invoke(DirectMethodHandleAccessor.java:119)
	at java.base/java.lang.reflect.Method.invoke(Method.java:577)
	at org.eclipse.lsp4j.jsonrpc.services.GenericEndpoint.lambda$null$0(GenericEndpoint.java:65)
	... 11 more
Caused by: java.lang.IllegalArgumentException: 18 is not a valid line number, allowed [0..17]
	at scala.meta.internal.inputs.InternalInput.lineToOffset(InternalInput.scala:37)
	at scala.meta.internal.inputs.InternalInput.lineToOffset$(InternalInput.scala:32)
	at scala.meta.inputs.Input$VirtualFile.lineToOffset(Input.scala:80)
	at scala.meta.inputs.Position$Range$.apply(Position.scala:59)
	at scala.meta.internal.mtags.MtagsEnrichments$XtensionPositionLspInverse.toMeta(MtagsEnrichments.scala:179)
	at scala.meta.internal.parsing.Trees.$anonfun$findLastEnclosingAt$4(Trees.scala:77)
	at scala.Option.flatMap(Option.scala:283)
	at scala.meta.internal.parsing.Trees.findLastEnclosingAt(Trees.scala:76)
	at scala.meta.internal.metals.codeactions.PatternMatchRefactor.contribute(PatternMatchRefactor.scala:96)
	at scala.meta.internal.metals.CodeActionProvider$$anonfun$1.applyOrElse(CodeActionProvider.scala:66)
	at scala.meta.internal.metals.CodeActionProvider$$anonfun$1.applyOrElse(CodeActionProvider.scala:65)
	at scala.collection.immutable.List.collect(List.scala:275)
	at scala.meta.internal.metals.CodeActionProvider.codeActions(CodeActionProvider.scala:65)
	at scala.meta.internal.metals.MetalsLanguageServer.$anonfun$codeAction$1(MetalsLanguageServer.scala:1652)
	at scala.meta.internal.metals.CancelTokens$.future(CancelTokens.scala:38)
	at scala.meta.internal.metals.MetalsLanguageServer.codeAction(MetalsLanguageServer.scala:1651)
	at java.base/jdk.internal.reflect.DirectMethodHandleAccessor.invoke(DirectMethodHandleAccessor.java:104)
	... 13 more

2022.07.24 14:46:08 ERROR scalafmt: <input>:19: error: [dialect scala213] illegal start of simple expression
}
 ^[0m
[31merror[39m: tom.worksheet.sc:19:2: illegal start of simple expression
}
 ^
2022.07.24 14:46:08 INFO  time: evaluated worksheet 'tom.worksheet.sc' in 0.11s[0m
Jul 24, 2022 2:46:08 PM org.eclipse.lsp4j.jsonrpc.RemoteEndpoint fallbackResponseError
SEVERE: Internal error: java.lang.reflect.InvocationTargetException
java.lang.RuntimeException: java.lang.reflect.InvocationTargetException
	at org.eclipse.lsp4j.jsonrpc.services.GenericEndpoint.lambda$null$0(GenericEndpoint.java:67)
	at org.eclipse.lsp4j.jsonrpc.services.GenericEndpoint.request(GenericEndpoint.java:120)
	at org.eclipse.lsp4j.jsonrpc.RemoteEndpoint.handleRequest(RemoteEndpoint.java:261)
	at org.eclipse.lsp4j.jsonrpc.RemoteEndpoint.consume(RemoteEndpoint.java:190)
	at org.eclipse.lsp4j.jsonrpc.json.StreamMessageProducer.handleMessage(StreamMessageProducer.java:194)
	at org.eclipse.lsp4j.jsonrpc.json.StreamMessageProducer.listen(StreamMessageProducer.java:94)
	at org.eclipse.lsp4j.jsonrpc.json.ConcurrentMessageProcessor.run(ConcurrentMessageProcessor.java:113)
	at java.base/java.util.concurrent.Executors$RunnableAdapter.call(Executors.java:539)
	at java.base/java.util.concurrent.FutureTask.run(FutureTask.java:264)
	at java.base/java.util.concurrent.ThreadPoolExecutor.runWorker(ThreadPoolExecutor.java:1136)
	at java.base/java.util.concurrent.ThreadPoolExecutor$Worker.run(ThreadPoolExecutor.java:635)
	at java.base/java.lang.Thread.run(Thread.java:833)
Caused by: java.lang.reflect.InvocationTargetException
	at java.base/jdk.internal.reflect.DirectMethodHandleAccessor.invoke(DirectMethodHandleAccessor.java:119)
	at java.base/java.lang.reflect.Method.invoke(Method.java:577)
	at org.eclipse.lsp4j.jsonrpc.services.GenericEndpoint.lambda$null$0(GenericEndpoint.java:65)
	... 11 more
Caused by: java.lang.IllegalArgumentException: 18 is not a valid line number, allowed [0..17]
	at scala.meta.internal.inputs.InternalInput.lineToOffset(InternalInput.scala:37)
	at scala.meta.internal.inputs.InternalInput.lineToOffset$(InternalInput.scala:32)
	at scala.meta.inputs.Input$VirtualFile.lineToOffset(Input.scala:80)
	at scala.meta.inputs.Position$Range$.apply(Position.scala:59)
	at scala.meta.internal.mtags.MtagsEnrichments$XtensionPositionLspInverse.toMeta(MtagsEnrichments.scala:179)
	at scala.meta.internal.parsing.Trees.$anonfun$findLastEnclosingAt$4(Trees.scala:77)
	at scala.Option.flatMap(Option.scala:283)
	at scala.meta.internal.parsing.Trees.findLastEnclosingAt(Trees.scala:76)
	at scala.meta.internal.metals.codeactions.PatternMatchRefactor.contribute(PatternMatchRefactor.scala:96)
	at scala.meta.internal.metals.CodeActionProvider$$anonfun$1.applyOrElse(CodeActionProvider.scala:66)
	at scala.meta.internal.metals.CodeActionProvider$$anonfun$1.applyOrElse(CodeActionProvider.scala:65)
	at scala.collection.immutable.List.collect(List.scala:275)
	at scala.meta.internal.metals.CodeActionProvider.codeActions(CodeActionProvider.scala:65)
	at scala.meta.internal.metals.MetalsLanguageServer.$anonfun$codeAction$1(MetalsLanguageServer.scala:1652)
	at scala.meta.internal.metals.CancelTokens$.future(CancelTokens.scala:38)
	at scala.meta.internal.metals.MetalsLanguageServer.codeAction(MetalsLanguageServer.scala:1651)
	at java.base/jdk.internal.reflect.DirectMethodHandleAccessor.invoke(DirectMethodHandleAccessor.java:104)
	... 13 more

Jul 24, 2022 2:46:09 PM org.eclipse.lsp4j.jsonrpc.RemoteEndpoint fallbackResponseError
SEVERE: Internal error: java.lang.reflect.InvocationTargetException
java.lang.RuntimeException: java.lang.reflect.InvocationTargetException
	at org.eclipse.lsp4j.jsonrpc.services.GenericEndpoint.lambda$null$0(GenericEndpoint.java:67)
	at org.eclipse.lsp4j.jsonrpc.services.GenericEndpoint.request(GenericEndpoint.java:120)
	at org.eclipse.lsp4j.jsonrpc.RemoteEndpoint.handleRequest(RemoteEndpoint.java:261)
	at org.eclipse.lsp4j.jsonrpc.RemoteEndpoint.consume(RemoteEndpoint.java:190)
	at org.eclipse.lsp4j.jsonrpc.json.StreamMessageProducer.handleMessage(StreamMessageProducer.java:194)
	at org.eclipse.lsp4j.jsonrpc.json.StreamMessageProducer.listen(StreamMessageProducer.java:94)
	at org.eclipse.lsp4j.jsonrpc.json.ConcurrentMessageProcessor.run(ConcurrentMessageProcessor.java:113)
	at java.base/java.util.concurrent.Executors$RunnableAdapter.call(Executors.java:539)
	at java.base/java.util.concurrent.FutureTask.run(FutureTask.java:264)
	at java.base/java.util.concurrent.ThreadPoolExecutor.runWorker(ThreadPoolExecutor.java:1136)
	at java.base/java.util.concurrent.ThreadPoolExecutor$Worker.run(ThreadPoolExecutor.java:635)
	at java.base/java.lang.Thread.run(Thread.java:833)
Caused by: java.lang.reflect.InvocationTargetException
	at java.base/jdk.internal.reflect.DirectMethodHandleAccessor.invoke(DirectMethodHandleAccessor.java:119)
	at java.base/java.lang.reflect.Method.invoke(Method.java:577)
	at org.eclipse.lsp4j.jsonrpc.services.GenericEndpoint.lambda$null$0(GenericEndpoint.java:65)
	... 11 more
Caused by: java.lang.IllegalArgumentException: 18 is not a valid line number, allowed [0..17]
	at scala.meta.internal.inputs.InternalInput.lineToOffset(InternalInput.scala:37)
	at scala.meta.internal.inputs.InternalInput.lineToOffset$(InternalInput.scala:32)
	at scala.meta.inputs.Input$VirtualFile.lineToOffset(Input.scala:80)
	at scala.meta.inputs.Position$Range$.lineLength$1(Position.scala:57)
	at scala.meta.inputs.Position$Range$.apply(Position.scala:60)
	at scala.meta.internal.mtags.MtagsEnrichments$XtensionPositionLspInverse.toMeta(MtagsEnrichments.scala:179)
	at scala.meta.internal.parsing.Trees.$anonfun$findLastEnclosingAt$4(Trees.scala:77)
	at scala.Option.flatMap(Option.scala:283)
	at scala.meta.internal.parsing.Trees.findLastEnclosingAt(Trees.scala:76)
	at scala.meta.internal.metals.codeactions.PatternMatchRefactor.contribute(PatternMatchRefactor.scala:96)
	at scala.meta.internal.metals.CodeActionProvider$$anonfun$1.applyOrElse(CodeActionProvider.scala:66)
	at scala.meta.internal.metals.CodeActionProvider$$anonfun$1.applyOrElse(CodeActionProvider.scala:65)
	at scala.collection.immutable.List.collect(List.scala:275)
	at scala.meta.internal.metals.CodeActionProvider.codeActions(CodeActionProvider.scala:65)
	at scala.meta.internal.metals.MetalsLanguageServer.$anonfun$codeAction$1(MetalsLanguageServer.scala:1652)
	at scala.meta.internal.metals.CancelTokens$.future(CancelTokens.scala:38)
	at scala.meta.internal.metals.MetalsLanguageServer.codeAction(MetalsLanguageServer.scala:1651)
	at java.base/jdk.internal.reflect.DirectMethodHandleAccessor.invoke(DirectMethodHandleAccessor.java:104)
	... 13 more

Jul 24, 2022 2:46:10 PM org.eclipse.lsp4j.jsonrpc.RemoteEndpoint fallbackResponseError
SEVERE: Internal error: java.lang.reflect.InvocationTargetException
java.lang.RuntimeException: java.lang.reflect.InvocationTargetException
	at org.eclipse.lsp4j.jsonrpc.services.GenericEndpoint.lambda$null$0(GenericEndpoint.java:67)
	at org.eclipse.lsp4j.jsonrpc.services.GenericEndpoint.request(GenericEndpoint.java:120)
	at org.eclipse.lsp4j.jsonrpc.RemoteEndpoint.handleRequest(RemoteEndpoint.java:261)
	at org.eclipse.lsp4j.jsonrpc.RemoteEndpoint.consume(RemoteEndpoint.java:190)
	at org.eclipse.lsp4j.jsonrpc.json.StreamMessageProducer.handleMessage(StreamMessageProducer.java:194)
	at org.eclipse.lsp4j.jsonrpc.json.StreamMessageProducer.listen(StreamMessageProducer.java:94)
	at org.eclipse.lsp4j.jsonrpc.json.ConcurrentMessageProcessor.run(ConcurrentMessageProcessor.java:113)
	at java.base/java.util.concurrent.Executors$RunnableAdapter.call(Executors.java:539)
	at java.base/java.util.concurrent.FutureTask.run(FutureTask.java:264)
	at java.base/java.util.concurrent.ThreadPoolExecutor.runWorker(ThreadPoolExecutor.java:1136)
	at java.base/java.util.concurrent.ThreadPoolExecutor$Worker.run(ThreadPoolExecutor.java:635)
	at java.base/java.lang.Thread.run(Thread.java:833)
Caused by: java.lang.reflect.InvocationTargetException
	at java.base/jdk.internal.reflect.DirectMethodHandleAccessor.invoke(DirectMethodHandleAccessor.java:119)
	at java.base/java.lang.reflect.Method.invoke(Method.java:577)
	at org.eclipse.lsp4j.jsonrpc.services.GenericEndpoint.lambda$null$0(GenericEndpoint.java:65)
	... 11 more
Caused by: java.lang.IllegalArgumentException: 18 is not a valid line number, allowed [0..17]
	at scala.meta.internal.inputs.InternalInput.lineToOffset(InternalInput.scala:37)
	at scala.meta.internal.inputs.InternalInput.lineToOffset$(InternalInput.scala:32)
	at scala.meta.inputs.Input$VirtualFile.lineToOffset(Input.scala:80)
	at scala.meta.inputs.Position$Range$.lineLength$1(Position.scala:57)
	at scala.meta.inputs.Position$Range$.apply(Position.scala:60)
	at scala.meta.internal.mtags.MtagsEnrichments$XtensionPositionLspInverse.toMeta(MtagsEnrichments.scala:179)
	at scala.meta.internal.parsing.Trees.$anonfun$findLastEnclosingAt$4(Trees.scala:77)
	at scala.Option.flatMap(Option.scala:283)
	at scala.meta.internal.parsing.Trees.findLastEnclosingAt(Trees.scala:76)
	at scala.meta.internal.metals.codeactions.PatternMatchRefactor.contribute(PatternMatchRefactor.scala:96)
	at scala.meta.internal.metals.CodeActionProvider$$anonfun$1.applyOrElse(CodeActionProvider.scala:66)
	at scala.meta.internal.metals.CodeActionProvider$$anonfun$1.applyOrElse(CodeActionProvider.scala:65)
	at scala.collection.immutable.List.collect(List.scala:275)
	at scala.meta.internal.metals.CodeActionProvider.codeActions(CodeActionProvider.scala:65)
	at scala.meta.internal.metals.MetalsLanguageServer.$anonfun$codeAction$1(MetalsLanguageServer.scala:1652)
	at scala.meta.internal.metals.CancelTokens$.future(CancelTokens.scala:38)
	at scala.meta.internal.metals.MetalsLanguageServer.codeAction(MetalsLanguageServer.scala:1651)
	at java.base/jdk.internal.reflect.DirectMethodHandleAccessor.invoke(DirectMethodHandleAccessor.java:104)
	... 13 more

Jul 24, 2022 2:46:12 PM org.eclipse.lsp4j.jsonrpc.RemoteEndpoint fallbackResponseError
SEVERE: Internal error: java.lang.reflect.InvocationTargetException
java.lang.RuntimeException: java.lang.reflect.InvocationTargetException
	at org.eclipse.lsp4j.jsonrpc.services.GenericEndpoint.lambda$null$0(GenericEndpoint.java:67)
	at org.eclipse.lsp4j.jsonrpc.services.GenericEndpoint.request(GenericEndpoint.java:120)
	at org.eclipse.lsp4j.jsonrpc.RemoteEndpoint.handleRequest(RemoteEndpoint.java:261)
	at org.eclipse.lsp4j.jsonrpc.RemoteEndpoint.consume(RemoteEndpoint.java:190)
	at org.eclipse.lsp4j.jsonrpc.json.StreamMessageProducer.handleMessage(StreamMessageProducer.java:194)
	at org.eclipse.lsp4j.jsonrpc.json.StreamMessageProducer.listen(StreamMessageProducer.java:94)
	at org.eclipse.lsp4j.jsonrpc.json.ConcurrentMessageProcessor.run(ConcurrentMessageProcessor.java:113)
	at java.base/java.util.concurrent.Executors$RunnableAdapter.call(Executors.java:539)
	at java.base/java.util.concurrent.FutureTask.run(FutureTask.java:264)
	at java.base/java.util.concurrent.ThreadPoolExecutor.runWorker(ThreadPoolExecutor.java:1136)
	at java.base/java.util.concurrent.ThreadPoolExecutor$Worker.run(ThreadPoolExecutor.java:635)
	at java.base/java.lang.Thread.run(Thread.java:833)
Caused by: java.lang.reflect.InvocationTargetException
	at java.base/jdk.internal.reflect.DirectMethodHandleAccessor.invoke(DirectMethodHandleAccessor.java:119)
	at java.base/java.lang.reflect.Method.invoke(Method.java:577)
	at org.eclipse.lsp4j.jsonrpc.services.GenericEndpoint.lambda$null$0(GenericEndpoint.java:65)
	... 11 more
Caused by: java.lang.IllegalArgumentException: 18 is not a valid line number, allowed [0..17]
	at scala.meta.internal.inputs.InternalInput.lineToOffset(InternalInput.scala:37)
	at scala.meta.internal.inputs.InternalInput.lineToOffset$(InternalInput.scala:32)
	at scala.meta.inputs.Input$VirtualFile.lineToOffset(Input.scala:80)
	at scala.meta.inputs.Position$Range$.apply(Position.scala:59)
	at scala.meta.internal.mtags.MtagsEnrichments$XtensionPositionLspInverse.toMeta(MtagsEnrichments.scala:179)
	at scala.meta.internal.parsing.Trees.$anonfun$findLastEnclosingAt$4(Trees.scala:77)
	at scala.Option.flatMap(Option.scala:283)
	at scala.meta.internal.parsing.Trees.findLastEnclosingAt(Trees.scala:76)
	at scala.meta.internal.metals.codeactions.PatternMatchRefactor.contribute(PatternMatchRefactor.scala:96)
	at scala.meta.internal.metals.CodeActionProvider$$anonfun$1.applyOrElse(CodeActionProvider.scala:66)
	at scala.meta.internal.metals.CodeActionProvider$$anonfun$1.applyOrElse(CodeActionProvider.scala:65)
	at scala.collection.immutable.List.collect(List.scala:275)
	at scala.meta.internal.metals.CodeActionProvider.codeActions(CodeActionProvider.scala:65)
	at scala.meta.internal.metals.MetalsLanguageServer.$anonfun$codeAction$1(MetalsLanguageServer.scala:1652)
	at scala.meta.internal.metals.CancelTokens$.future(CancelTokens.scala:38)
	at scala.meta.internal.metals.MetalsLanguageServer.codeAction(MetalsLanguageServer.scala:1651)
	at java.base/jdk.internal.reflect.DirectMethodHandleAccessor.invoke(DirectMethodHandleAccessor.java:104)
	... 13 more

Jul 24, 2022 2:46:13 PM org.eclipse.lsp4j.jsonrpc.RemoteEndpoint fallbackResponseError
SEVERE: Internal error: java.lang.reflect.InvocationTargetException
java.lang.RuntimeException: java.lang.reflect.InvocationTargetException
	at org.eclipse.lsp4j.jsonrpc.services.GenericEndpoint.lambda$null$0(GenericEndpoint.java:67)
	at org.eclipse.lsp4j.jsonrpc.services.GenericEndpoint.request(GenericEndpoint.java:120)
	at org.eclipse.lsp4j.jsonrpc.RemoteEndpoint.handleRequest(RemoteEndpoint.java:261)
	at org.eclipse.lsp4j.jsonrpc.RemoteEndpoint.consume(RemoteEndpoint.java:190)
	at org.eclipse.lsp4j.jsonrpc.json.StreamMessageProducer.handleMessage(StreamMessageProducer.java:194)
	at org.eclipse.lsp4j.jsonrpc.json.StreamMessageProducer.listen(StreamMessageProducer.java:94)
	at org.eclipse.lsp4j.jsonrpc.json.ConcurrentMessageProcessor.run(ConcurrentMessageProcessor.java:113)
	at java.base/java.util.concurrent.Executors$RunnableAdapter.call(Executors.java:539)
	at java.base/java.util.concurrent.FutureTask.run(FutureTask.java:264)
	at java.base/java.util.concurrent.ThreadPoolExecutor.runWorker(ThreadPoolExecutor.java:1136)
	at java.base/java.util.concurrent.ThreadPoolExecutor$Worker.run(ThreadPoolExecutor.java:635)
	at java.base/java.lang.Thread.run(Thread.java:833)
Caused by: java.lang.reflect.InvocationTargetException
	at java.base/jdk.internal.reflect.DirectMethodHandleAccessor.invoke(DirectMethodHandleAccessor.java:119)
	at java.base/java.lang.reflect.Method.invoke(Method.java:577)
	at org.eclipse.lsp4j.jsonrpc.services.GenericEndpoint.lambda$null$0(GenericEndpoint.java:65)
	... 11 more
Caused by: java.lang.IllegalArgumentException: 18 is not a valid line number, allowed [0..17]
	at scala.meta.internal.inputs.InternalInput.lineToOffset(InternalInput.scala:37)
	at scala.meta.internal.inputs.InternalInput.lineToOffset$(InternalInput.scala:32)
	at scala.meta.inputs.Input$VirtualFile.lineToOffset(Input.scala:80)
	at scala.meta.inputs.Position$Range$.apply(Position.scala:59)
	at scala.meta.internal.mtags.MtagsEnrichments$XtensionPositionLspInverse.toMeta(MtagsEnrichments.scala:179)
	at scala.meta.internal.parsing.Trees.$anonfun$findLastEnclosingAt$4(Trees.scala:77)
	at scala.Option.flatMap(Option.scala:283)
	at scala.meta.internal.parsing.Trees.findLastEnclosingAt(Trees.scala:76)
	at scala.meta.internal.metals.codeactions.PatternMatchRefactor.contribute(PatternMatchRefactor.scala:96)
	at scala.meta.internal.metals.CodeActionProvider$$anonfun$1.applyOrElse(CodeActionProvider.scala:66)
	at scala.meta.internal.metals.CodeActionProvider$$anonfun$1.applyOrElse(CodeActionProvider.scala:65)
	at scala.collection.immutable.List.collect(List.scala:275)
	at scala.meta.internal.metals.CodeActionProvider.codeActions(CodeActionProvider.scala:65)
	at scala.meta.internal.metals.MetalsLanguageServer.$anonfun$codeAction$1(MetalsLanguageServer.scala:1652)
	at scala.meta.internal.metals.CancelTokens$.future(CancelTokens.scala:38)
	at scala.meta.internal.metals.MetalsLanguageServer.codeAction(MetalsLanguageServer.scala:1651)
	at java.base/jdk.internal.reflect.DirectMethodHandleAccessor.invoke(DirectMethodHandleAccessor.java:104)
	... 13 more

Jul 24, 2022 2:46:14 PM org.eclipse.lsp4j.jsonrpc.RemoteEndpoint fallbackResponseError
SEVERE: Internal error: java.lang.reflect.InvocationTargetException
java.lang.RuntimeException: java.lang.reflect.InvocationTargetException
	at org.eclipse.lsp4j.jsonrpc.services.GenericEndpoint.lambda$null$0(GenericEndpoint.java:67)
	at org.eclipse.lsp4j.jsonrpc.services.GenericEndpoint.request(GenericEndpoint.java:120)
	at org.eclipse.lsp4j.jsonrpc.RemoteEndpoint.handleRequest(RemoteEndpoint.java:261)
	at org.eclipse.lsp4j.jsonrpc.RemoteEndpoint.consume(RemoteEndpoint.java:190)
	at org.eclipse.lsp4j.jsonrpc.json.StreamMessageProducer.handleMessage(StreamMessageProducer.java:194)
	at org.eclipse.lsp4j.jsonrpc.json.StreamMessageProducer.listen(StreamMessageProducer.java:94)
	at org.eclipse.lsp4j.jsonrpc.json.ConcurrentMessageProcessor.run(ConcurrentMessageProcessor.java:113)
	at java.base/java.util.concurrent.Executors$RunnableAdapter.call(Executors.java:539)
	at java.base/java.util.concurrent.FutureTask.run(FutureTask.java:264)
	at java.base/java.util.concurrent.ThreadPoolExecutor.runWorker(ThreadPoolExecutor.java:1136)
	at java.base/java.util.concurrent.ThreadPoolExecutor$Worker.run(ThreadPoolExecutor.java:635)
	at java.base/java.lang.Thread.run(Thread.java:833)
Caused by: java.lang.reflect.InvocationTargetException
	at java.base/jdk.internal.reflect.DirectMethodHandleAccessor.invoke(DirectMethodHandleAccessor.java:119)
	at java.base/java.lang.reflect.Method.invoke(Method.java:577)
	at org.eclipse.lsp4j.jsonrpc.services.GenericEndpoint.lambda$null$0(GenericEndpoint.java:65)
	... 11 more
Caused by: java.lang.IllegalArgumentException: 18 is not a valid line number, allowed [0..17]
	at scala.meta.internal.inputs.InternalInput.lineToOffset(InternalInput.scala:37)
	at scala.meta.internal.inputs.InternalInput.lineToOffset$(InternalInput.scala:32)
	at scala.meta.inputs.Input$VirtualFile.lineToOffset(Input.scala:80)
	at scala.meta.inputs.Position$Range$.apply(Position.scala:59)
	at scala.meta.internal.mtags.MtagsEnrichments$XtensionPositionLspInverse.toMeta(MtagsEnrichments.scala:179)
	at scala.meta.internal.parsing.Trees.$anonfun$findLastEnclosingAt$4(Trees.scala:77)
	at scala.Option.flatMap(Option.scala:283)
	at scala.meta.internal.parsing.Trees.findLastEnclosingAt(Trees.scala:76)
	at scala.meta.internal.metals.codeactions.PatternMatchRefactor.contribute(PatternMatchRefactor.scala:96)
	at scala.meta.internal.metals.CodeActionProvider$$anonfun$1.applyOrElse(CodeActionProvider.scala:66)
	at scala.meta.internal.metals.CodeActionProvider$$anonfun$1.applyOrElse(CodeActionProvider.scala:65)
	at scala.collection.immutable.List.collect(List.scala:275)
	at scala.meta.internal.metals.CodeActionProvider.codeActions(CodeActionProvider.scala:65)
	at scala.meta.internal.metals.MetalsLanguageServer.$anonfun$codeAction$1(MetalsLanguageServer.scala:1652)
	at scala.meta.internal.metals.CancelTokens$.future(CancelTokens.scala:38)
	at scala.meta.internal.metals.MetalsLanguageServer.codeAction(MetalsLanguageServer.scala:1651)
	at java.base/jdk.internal.reflect.DirectMethodHandleAccessor.invoke(DirectMethodHandleAccessor.java:104)
	... 13 more

2022.07.24 14:46:15 ERROR scalafmt: <input>:20: error: [dialect scala213] illegal start of simple expression
}
 ^[0m
[31merror[39m: tom.worksheet.sc:20:2: illegal start of simple expression
}
 ^
2022.07.24 14:46:15 INFO  time: evaluated worksheet 'tom.worksheet.sc' in 94ms[0m
Jul 24, 2022 2:46:16 PM org.eclipse.lsp4j.jsonrpc.RemoteEndpoint fallbackResponseError
SEVERE: Internal error: java.lang.reflect.InvocationTargetException
java.lang.RuntimeException: java.lang.reflect.InvocationTargetException
	at org.eclipse.lsp4j.jsonrpc.services.GenericEndpoint.lambda$null$0(GenericEndpoint.java:67)
	at org.eclipse.lsp4j.jsonrpc.services.GenericEndpoint.request(GenericEndpoint.java:120)
	at org.eclipse.lsp4j.jsonrpc.RemoteEndpoint.handleRequest(RemoteEndpoint.java:261)
	at org.eclipse.lsp4j.jsonrpc.RemoteEndpoint.consume(RemoteEndpoint.java:190)
	at org.eclipse.lsp4j.jsonrpc.json.StreamMessageProducer.handleMessage(StreamMessageProducer.java:194)
	at org.eclipse.lsp4j.jsonrpc.json.StreamMessageProducer.listen(StreamMessageProducer.java:94)
	at org.eclipse.lsp4j.jsonrpc.json.ConcurrentMessageProcessor.run(ConcurrentMessageProcessor.java:113)
	at java.base/java.util.concurrent.Executors$RunnableAdapter.call(Executors.java:539)
	at java.base/java.util.concurrent.FutureTask.run(FutureTask.java:264)
	at java.base/java.util.concurrent.ThreadPoolExecutor.runWorker(ThreadPoolExecutor.java:1136)
	at java.base/java.util.concurrent.ThreadPoolExecutor$Worker.run(ThreadPoolExecutor.java:635)
	at java.base/java.lang.Thread.run(Thread.java:833)
Caused by: java.lang.reflect.InvocationTargetException
	at java.base/jdk.internal.reflect.DirectMethodHandleAccessor.invoke(DirectMethodHandleAccessor.java:119)
	at java.base/java.lang.reflect.Method.invoke(Method.java:577)
	at org.eclipse.lsp4j.jsonrpc.services.GenericEndpoint.lambda$null$0(GenericEndpoint.java:65)
	... 11 more
Caused by: java.lang.IllegalArgumentException: 18 is not a valid line number, allowed [0..17]
	at scala.meta.internal.inputs.InternalInput.lineToOffset(InternalInput.scala:37)
	at scala.meta.internal.inputs.InternalInput.lineToOffset$(InternalInput.scala:32)
	at scala.meta.inputs.Input$VirtualFile.lineToOffset(Input.scala:80)
	at scala.meta.inputs.Position$Range$.apply(Position.scala:59)
	at scala.meta.internal.mtags.MtagsEnrichments$XtensionPositionLspInverse.toMeta(MtagsEnrichments.scala:179)
	at scala.meta.internal.parsing.Trees.$anonfun$findLastEnclosingAt$4(Trees.scala:77)
	at scala.Option.flatMap(Option.scala:283)
	at scala.meta.internal.parsing.Trees.findLastEnclosingAt(Trees.scala:76)
	at scala.meta.internal.metals.codeactions.PatternMatchRefactor.contribute(PatternMatchRefactor.scala:96)
	at scala.meta.internal.metals.CodeActionProvider$$anonfun$1.applyOrElse(CodeActionProvider.scala:66)
	at scala.meta.internal.metals.CodeActionProvider$$anonfun$1.applyOrElse(CodeActionProvider.scala:65)
	at scala.collection.immutable.List.collect(List.scala:275)
	at scala.meta.internal.metals.CodeActionProvider.codeActions(CodeActionProvider.scala:65)
	at scala.meta.internal.metals.MetalsLanguageServer.$anonfun$codeAction$1(MetalsLanguageServer.scala:1652)
	at scala.meta.internal.metals.CancelTokens$.future(CancelTokens.scala:38)
	at scala.meta.internal.metals.MetalsLanguageServer.codeAction(MetalsLanguageServer.scala:1651)
	at java.base/jdk.internal.reflect.DirectMethodHandleAccessor.invoke(DirectMethodHandleAccessor.java:104)
	... 13 more

Jul 24, 2022 2:46:16 PM org.eclipse.lsp4j.jsonrpc.RemoteEndpoint fallbackResponseError
SEVERE: Internal error: java.lang.reflect.InvocationTargetException
java.lang.RuntimeException: java.lang.reflect.InvocationTargetException
	at org.eclipse.lsp4j.jsonrpc.services.GenericEndpoint.lambda$null$0(GenericEndpoint.java:67)
	at org.eclipse.lsp4j.jsonrpc.services.GenericEndpoint.request(GenericEndpoint.java:120)
	at org.eclipse.lsp4j.jsonrpc.RemoteEndpoint.handleRequest(RemoteEndpoint.java:261)
	at org.eclipse.lsp4j.jsonrpc.RemoteEndpoint.consume(RemoteEndpoint.java:190)
	at org.eclipse.lsp4j.jsonrpc.json.StreamMessageProducer.handleMessage(StreamMessageProducer.java:194)
	at org.eclipse.lsp4j.jsonrpc.json.StreamMessageProducer.listen(StreamMessageProducer.java:94)
	at org.eclipse.lsp4j.jsonrpc.json.ConcurrentMessageProcessor.run(ConcurrentMessageProcessor.java:113)
	at java.base/java.util.concurrent.Executors$RunnableAdapter.call(Executors.java:539)
	at java.base/java.util.concurrent.FutureTask.run(FutureTask.java:264)
	at java.base/java.util.concurrent.ThreadPoolExecutor.runWorker(ThreadPoolExecutor.java:1136)
	at java.base/java.util.concurrent.ThreadPoolExecutor$Worker.run(ThreadPoolExecutor.java:635)
	at java.base/java.lang.Thread.run(Thread.java:833)
Caused by: java.lang.reflect.InvocationTargetException
	at java.base/jdk.internal.reflect.DirectMethodHandleAccessor.invoke(DirectMethodHandleAccessor.java:119)
	at java.base/java.lang.reflect.Method.invoke(Method.java:577)
	at org.eclipse.lsp4j.jsonrpc.services.GenericEndpoint.lambda$null$0(GenericEndpoint.java:65)
	... 11 more
Caused by: java.lang.IllegalArgumentException: 18 is not a valid line number, allowed [0..17]
	at scala.meta.internal.inputs.InternalInput.lineToOffset(InternalInput.scala:37)
	at scala.meta.internal.inputs.InternalInput.lineToOffset$(InternalInput.scala:32)
	at scala.meta.inputs.Input$VirtualFile.lineToOffset(Input.scala:80)
	at scala.meta.inputs.Position$Range$.apply(Position.scala:59)
	at scala.meta.internal.mtags.MtagsEnrichments$XtensionPositionLspInverse.toMeta(MtagsEnrichments.scala:179)
	at scala.meta.internal.parsing.Trees.$anonfun$findLastEnclosingAt$4(Trees.scala:77)
	at scala.Option.flatMap(Option.scala:283)
	at scala.meta.internal.parsing.Trees.findLastEnclosingAt(Trees.scala:76)
	at scala.meta.internal.metals.codeactions.PatternMatchRefactor.contribute(PatternMatchRefactor.scala:96)
	at scala.meta.internal.metals.CodeActionProvider$$anonfun$1.applyOrElse(CodeActionProvider.scala:66)
	at scala.meta.internal.metals.CodeActionProvider$$anonfun$1.applyOrElse(CodeActionProvider.scala:65)
	at scala.collection.immutable.List.collect(List.scala:275)
	at scala.meta.internal.metals.CodeActionProvider.codeActions(CodeActionProvider.scala:65)
	at scala.meta.internal.metals.MetalsLanguageServer.$anonfun$codeAction$1(MetalsLanguageServer.scala:1652)
	at scala.meta.internal.metals.CancelTokens$.future(CancelTokens.scala:38)
	at scala.meta.internal.metals.MetalsLanguageServer.codeAction(MetalsLanguageServer.scala:1651)
	at java.base/jdk.internal.reflect.DirectMethodHandleAccessor.invoke(DirectMethodHandleAccessor.java:104)
	... 13 more

Jul 24, 2022 2:46:16 PM org.eclipse.lsp4j.jsonrpc.RemoteEndpoint fallbackResponseError
SEVERE: Internal error: java.lang.reflect.InvocationTargetException
java.lang.RuntimeException: java.lang.reflect.InvocationTargetException
	at org.eclipse.lsp4j.jsonrpc.services.GenericEndpoint.lambda$null$0(GenericEndpoint.java:67)
	at org.eclipse.lsp4j.jsonrpc.services.GenericEndpoint.request(GenericEndpoint.java:120)
	at org.eclipse.lsp4j.jsonrpc.RemoteEndpoint.handleRequest(RemoteEndpoint.java:261)
	at org.eclipse.lsp4j.jsonrpc.RemoteEndpoint.consume(RemoteEndpoint.java:190)
	at org.eclipse.lsp4j.jsonrpc.json.StreamMessageProducer.handleMessage(StreamMessageProducer.java:194)
	at org.eclipse.lsp4j.jsonrpc.json.StreamMessageProducer.listen(StreamMessageProducer.java:94)
	at org.eclipse.lsp4j.jsonrpc.json.ConcurrentMessageProcessor.run(ConcurrentMessageProcessor.java:113)
	at java.base/java.util.concurrent.Executors$RunnableAdapter.call(Executors.java:539)
	at java.base/java.util.concurrent.FutureTask.run(FutureTask.java:264)
	at java.base/java.util.concurrent.ThreadPoolExecutor.runWorker(ThreadPoolExecutor.java:1136)
	at java.base/java.util.concurrent.ThreadPoolExecutor$Worker.run(ThreadPoolExecutor.java:635)
	at java.base/java.lang.Thread.run(Thread.java:833)
Caused by: java.lang.reflect.InvocationTargetException
	at java.base/jdk.internal.reflect.DirectMethodHandleAccessor.invoke(DirectMethodHandleAccessor.java:119)
	at java.base/java.lang.reflect.Method.invoke(Method.java:577)
	at org.eclipse.lsp4j.jsonrpc.services.GenericEndpoint.lambda$null$0(GenericEndpoint.java:65)
	... 11 more
Caused by: java.lang.IllegalArgumentException: 19 is not a valid line number, allowed [0..17]
	at scala.meta.internal.inputs.InternalInput.lineToOffset(InternalInput.scala:37)
	at scala.meta.internal.inputs.InternalInput.lineToOffset$(InternalInput.scala:32)
	at scala.meta.inputs.Input$VirtualFile.lineToOffset(Input.scala:80)
	at scala.meta.inputs.Position$Range$.apply(Position.scala:59)
	at scala.meta.internal.mtags.MtagsEnrichments$XtensionPositionLspInverse.toMeta(MtagsEnrichments.scala:179)
	at scala.meta.internal.parsing.Trees.$anonfun$findLastEnclosingAt$4(Trees.scala:77)
	at scala.Option.flatMap(Option.scala:283)
	at scala.meta.internal.parsing.Trees.findLastEnclosingAt(Trees.scala:76)
	at scala.meta.internal.metals.codeactions.PatternMatchRefactor.contribute(PatternMatchRefactor.scala:96)
	at scala.meta.internal.metals.CodeActionProvider$$anonfun$1.applyOrElse(CodeActionProvider.scala:66)
	at scala.meta.internal.metals.CodeActionProvider$$anonfun$1.applyOrElse(CodeActionProvider.scala:65)
	at scala.collection.immutable.List.collect(List.scala:275)
	at scala.meta.internal.metals.CodeActionProvider.codeActions(CodeActionProvider.scala:65)
	at scala.meta.internal.metals.MetalsLanguageServer.$anonfun$codeAction$1(MetalsLanguageServer.scala:1652)
	at scala.meta.internal.metals.CancelTokens$.future(CancelTokens.scala:38)
	at scala.meta.internal.metals.MetalsLanguageServer.codeAction(MetalsLanguageServer.scala:1651)
	at java.base/jdk.internal.reflect.DirectMethodHandleAccessor.invoke(DirectMethodHandleAccessor.java:104)
	... 13 more

Jul 24, 2022 2:46:17 PM org.eclipse.lsp4j.jsonrpc.RemoteEndpoint fallbackResponseError
SEVERE: Internal error: java.lang.reflect.InvocationTargetException
java.lang.RuntimeException: java.lang.reflect.InvocationTargetException
	at org.eclipse.lsp4j.jsonrpc.services.GenericEndpoint.lambda$null$0(GenericEndpoint.java:67)
	at org.eclipse.lsp4j.jsonrpc.services.GenericEndpoint.request(GenericEndpoint.java:120)
	at org.eclipse.lsp4j.jsonrpc.RemoteEndpoint.handleRequest(RemoteEndpoint.java:261)
	at org.eclipse.lsp4j.jsonrpc.RemoteEndpoint.consume(RemoteEndpoint.java:190)
	at org.eclipse.lsp4j.jsonrpc.json.StreamMessageProducer.handleMessage(StreamMessageProducer.java:194)
	at org.eclipse.lsp4j.jsonrpc.json.StreamMessageProducer.listen(StreamMessageProducer.java:94)
	at org.eclipse.lsp4j.jsonrpc.json.ConcurrentMessageProcessor.run(ConcurrentMessageProcessor.java:113)
	at java.base/java.util.concurrent.Executors$RunnableAdapter.call(Executors.java:539)
	at java.base/java.util.concurrent.FutureTask.run(FutureTask.java:264)
	at java.base/java.util.concurrent.ThreadPoolExecutor.runWorker(ThreadPoolExecutor.java:1136)
	at java.base/java.util.concurrent.ThreadPoolExecutor$Worker.run(ThreadPoolExecutor.java:635)
	at java.base/java.lang.Thread.run(Thread.java:833)
Caused by: java.lang.reflect.InvocationTargetException
	at java.base/jdk.internal.reflect.DirectMethodHandleAccessor.invoke(DirectMethodHandleAccessor.java:119)
	at java.base/java.lang.reflect.Method.invoke(Method.java:577)
	at org.eclipse.lsp4j.jsonrpc.services.GenericEndpoint.lambda$null$0(GenericEndpoint.java:65)
	... 11 more
Caused by: java.lang.IllegalArgumentException: 19 is not a valid line number, allowed [0..17]
	at scala.meta.internal.inputs.InternalInput.lineToOffset(InternalInput.scala:37)
	at scala.meta.internal.inputs.InternalInput.lineToOffset$(InternalInput.scala:32)
	at scala.meta.inputs.Input$VirtualFile.lineToOffset(Input.scala:80)
	at scala.meta.inputs.Position$Range$.apply(Position.scala:59)
	at scala.meta.internal.mtags.MtagsEnrichments$XtensionPositionLspInverse.toMeta(MtagsEnrichments.scala:179)
	at scala.meta.internal.parsing.Trees.$anonfun$findLastEnclosingAt$4(Trees.scala:77)
	at scala.Option.flatMap(Option.scala:283)
	at scala.meta.internal.parsing.Trees.findLastEnclosingAt(Trees.scala:76)
	at scala.meta.internal.metals.codeactions.PatternMatchRefactor.contribute(PatternMatchRefactor.scala:96)
	at scala.meta.internal.metals.CodeActionProvider$$anonfun$1.applyOrElse(CodeActionProvider.scala:66)
	at scala.meta.internal.metals.CodeActionProvider$$anonfun$1.applyOrElse(CodeActionProvider.scala:65)
	at scala.collection.immutable.List.collect(List.scala:275)
	at scala.meta.internal.metals.CodeActionProvider.codeActions(CodeActionProvider.scala:65)
	at scala.meta.internal.metals.MetalsLanguageServer.$anonfun$codeAction$1(MetalsLanguageServer.scala:1652)
	at scala.meta.internal.metals.CancelTokens$.future(CancelTokens.scala:38)
	at scala.meta.internal.metals.MetalsLanguageServer.codeAction(MetalsLanguageServer.scala:1651)
	at java.base/jdk.internal.reflect.DirectMethodHandleAccessor.invoke(DirectMethodHandleAccessor.java:104)
	... 13 more

2022.07.24 14:46:20 ERROR scalafmt: <input>:20: error: [dialect scala213] illegal start of simple expression
}yield
      ^[0m
[31merror[39m: tom.worksheet.sc:20:7: illegal start of simple expression
}yield
      ^
2022.07.24 14:46:20 INFO  time: evaluated worksheet 'tom.worksheet.sc' in 93ms[0m
2022.07.24 14:46:21 INFO  time: evaluated worksheet 'tom.worksheet.sc' in 0.29s[0m
2022.07.24 14:46:25 INFO  time: evaluated worksheet 'tom.worksheet.sc' in 0.25s[0m
2022.07.24 14:54:56 WARN  no build target for: /home/tom/workspace/tom/Training/Tom/build.sbt[0m
2022.07.24 14:55:31 WARN  no build target for: /home/tom/workspace/tom/Training/Tom/build.sbt[0m
2022.07.24 14:56:05 WARN  no build target for: /home/tom/workspace/tom/Training/Tom/build.sbt[0m
2022.07.24 14:56:05 INFO  skipping build import with status 'Requested'[0m
2022.07.24 14:58:52 INFO  time: evaluated worksheet 'tom.worksheet.sc' in 0.24s[0m
[31merror[39m: tom.worksheet.sc:24:8: 
Not found: scalaj
import scalaj.http._
       ^^^^^^
[31merror[39m: 
tom.worksheet.sc:68 (mdoc generated code) 
 Reference to $doc is ambiguous,
it is both defined in object MdocSession
and imported subsequently by import (<error Not found: scalaj>#http : <error Not found: scalaj>)._
    $doc.endStatement();


[31merror[39m: 
tom.worksheet.sc:69 (mdoc generated code) 
 Reference to $doc is ambiguous,
it is both defined in object MdocSession
and imported subsequently by import (<error Not found: scalaj>#http : <error Not found: scalaj>)._
    $doc.startStatement(25, 0, 26, 62);


[31merror[39m: tom.worksheet.sc:26:15: 
<error Not found: scalaj>#http.HttpResponse does not take type parameters
val response: HttpResponse[String] =
              ^^^^^^^^^^^^^^^^^^^^
[31merror[39m: 
tom.worksheet.sc:72 (mdoc generated code) 
 Reference to $doc is ambiguous,
it is both defined in object MdocSession
and imported subsequently by import (<error Not found: scalaj>#http : <error Not found: scalaj>)._
    $doc.binder(response, 25, 4, 25, 12);


[31merror[39m: 
tom.worksheet.sc:73 (mdoc generated code) 
 Reference to $doc is ambiguous,
it is both defined in object MdocSession
and imported subsequently by import (<error Not found: scalaj>#http : <error Not found: scalaj>)._
    $doc.endStatement();


[31merror[39m: 
tom.worksheet.sc:74 (mdoc generated code) 
 Reference to $doc is ambiguous,
it is both defined in object MdocSession
and imported subsequently by import (<error Not found: scalaj>#http : <error Not found: scalaj>)._
    $doc.startStatement(27, 0, 27, 13);


[31merror[39m: 
tom.worksheet.sc:77 (mdoc generated code) 
 Reference to $doc is ambiguous,
it is both defined in object MdocSession
and imported subsequently by import (<error Not found: scalaj>#http : <error Not found: scalaj>)._
    $doc.binder(res7, 27, 0, 27, 13);


[31merror[39m: 
tom.worksheet.sc:78 (mdoc generated code) 
 Reference to $doc is ambiguous,
it is both defined in object MdocSession
and imported subsequently by import (<error Not found: scalaj>#http : <error Not found: scalaj>)._
    $doc.endStatement();


[31merror[39m: 
tom.worksheet.sc:79 (mdoc generated code) 
 Reference to $doc is ambiguous,
it is both defined in object MdocSession
and imported subsequently by import (<error Not found: scalaj>#http : <error Not found: scalaj>)._
    $doc.endSection();


2022.07.24 14:59:08 INFO  time: evaluated worksheet 'tom.worksheet.sc' in 0.16s[0m
[31merror[39m: tom.worksheet.sc:24:8: 
Not found: scalaj
import scalaj.http._
       ^^^^^^
[31merror[39m: 
tom.worksheet.sc:68 (mdoc generated code) 
 Reference to $doc is ambiguous,
it is both defined in object MdocSession
and imported subsequently by import (<error Not found: scalaj>#http : <error Not found: scalaj>)._
    $doc.endStatement();


[31merror[39m: 
tom.worksheet.sc:69 (mdoc generated code) 
 Reference to $doc is ambiguous,
it is both defined in object MdocSession
and imported subsequently by import (<error Not found: scalaj>#http : <error Not found: scalaj>)._
    $doc.startStatement(25, 0, 26, 62);


[31merror[39m: tom.worksheet.sc:26:15: 
<error Not found: scalaj>#http.HttpResponse does not take type parameters
val response: HttpResponse[String] =
              ^^^^^^^^^^^^^^^^^^^^
[31merror[39m: 
tom.worksheet.sc:72 (mdoc generated code) 
 Reference to $doc is ambiguous,
it is both defined in object MdocSession
and imported subsequently by import (<error Not found: scalaj>#http : <error Not found: scalaj>)._
    $doc.binder(response, 25, 4, 25, 12);


[31merror[39m: 
tom.worksheet.sc:73 (mdoc generated code) 
 Reference to $doc is ambiguous,
it is both defined in object MdocSession
and imported subsequently by import (<error Not found: scalaj>#http : <error Not found: scalaj>)._
    $doc.endStatement();


[31merror[39m: 
tom.worksheet.sc:74 (mdoc generated code) 
 Reference to $doc is ambiguous,
it is both defined in object MdocSession
and imported subsequently by import (<error Not found: scalaj>#http : <error Not found: scalaj>)._
    $doc.startStatement(27, 0, 27, 13);


[31merror[39m: 
tom.worksheet.sc:77 (mdoc generated code) 
 Reference to $doc is ambiguous,
it is both defined in object MdocSession
and imported subsequently by import (<error Not found: scalaj>#http : <error Not found: scalaj>)._
    $doc.binder(res7, 27, 0, 27, 13);


[31merror[39m: 
tom.worksheet.sc:78 (mdoc generated code) 
 Reference to $doc is ambiguous,
it is both defined in object MdocSession
and imported subsequently by import (<error Not found: scalaj>#http : <error Not found: scalaj>)._
    $doc.endStatement();


[31merror[39m: 
tom.worksheet.sc:79 (mdoc generated code) 
 Reference to $doc is ambiguous,
it is both defined in object MdocSession
and imported subsequently by import (<error Not found: scalaj>#http : <error Not found: scalaj>)._
    $doc.endSection();


2022.07.24 14:59:15 INFO  time: evaluated worksheet 'tom.worksheet.sc' in 0.18s[0m
Jul 24, 2022 2:59:17 PM org.eclipse.lsp4j.jsonrpc.RemoteEndpoint handleCancellation
WARNING: Unmatched cancel notification for request id 2123
2022.07.24 14:59:26 WARN  no build target for: /home/tom/workspace/tom/Training/Tom/EntryPoint.scala[0m
2022.07.24 14:59:26 INFO  skipping build import with status 'Requested'[0m
2022.07.24 14:59:34 ERROR scalafmt: /home/tom/workspace/tom/Training/Tom/EntryPoint.scala:3: error: [dialect scala213] illegal start of definition val
val response: HttpResponse[String] =
^[0m
2022.07.24 14:59:34 WARN  no build target for: /home/tom/workspace/tom/Training/Tom/EntryPoint.scala[0m
2022.07.24 14:59:34 INFO  skipping build import with status 'Requested'[0m
2022.07.24 14:59:38 WARN  no build target for: /home/tom/workspace/tom/Training/Tom/EntryPoint.scala[0m
2022.07.24 14:59:38 INFO  skipping build import with status 'Requested'[0m
2022.07.24 14:59:44 WARN  no build target for: /home/tom/workspace/tom/Training/Tom/EntryPoint.scala[0m
2022.07.24 14:59:44 INFO  skipping build import with status 'Requested'[0m
2022.07.24 14:59:45 WARN  no build target for: /home/tom/workspace/tom/Training/Tom/EntryPoint.scala[0m
2022.07.24 14:59:45 INFO  skipping build import with status 'Requested'[0m
2022.07.24 14:59:54 WARN  no build target for: /home/tom/workspace/tom/Training/Tom/EntryPoint.scala[0m
2022.07.24 14:59:54 INFO  skipping build import with status 'Requested'[0m
2022.07.24 15:00:10 WARN  no build target for: /home/tom/workspace/tom/Training/Tom/EntryPoint.scala[0m
2022.07.24 15:00:10 INFO  skipping build import with status 'Requested'[0m
2022.07.24 15:00:33 WARN  no build target for: /home/tom/workspace/tom/Training/Tom/EntryPoint.scala[0m
2022.07.24 15:00:33 INFO  skipping build import with status 'Requested'[0m
2022.07.24 15:00:58 WARN  no build target for: /home/tom/workspace/tom/Training/Tom/EntryPoint.scala[0m
2022.07.24 15:00:58 INFO  skipping build import with status 'Requested'[0m
2022.07.24 15:01:02 WARN  no build target for: /home/tom/workspace/tom/Training/Tom/EntryPoint.scala[0m
2022.07.24 15:01:42 WARN  no build target for: /home/tom/workspace/tom/Training/Tom/EntryPoint.scala[0m
2022.07.24 15:01:42 INFO  skipping build import with status 'Requested'[0m
2022.07.24 15:01:43 WARN  no build target for: /home/tom/workspace/tom/Training/Tom/EntryPoint.scala[0m
2022.07.24 15:01:43 INFO  skipping build import with status 'Requested'[0m
2022.07.24 15:04:58 WARN  no build target for: /home/tom/workspace/tom/Training/Tom/EntryPoint.scala[0m
2022.07.24 15:04:58 INFO  skipping build import with status 'Requested'[0m
2022.07.24 15:05:05 WARN  no build target for: /home/tom/workspace/tom/Training/Tom/EntryPoint.scala[0m
2022.07.24 15:05:05 INFO  skipping build import with status 'Requested'[0m
2022.07.24 15:05:09 WARN  no build target for: /home/tom/workspace/tom/Training/Tom/EntryPoint.scala[0m
2022.07.24 15:05:09 INFO  skipping build import with status 'Requested'[0m
2022.07.24 15:05:21 ERROR scalafmt: /home/tom/workspace/tom/Training/Tom/EntryPoint.scala:9: error: [dialect scala213] illegal start of simple expression
}
^[0m
2022.07.24 15:05:21 WARN  no build target for: /home/tom/workspace/tom/Training/Tom/EntryPoint.scala[0m
2022.07.24 15:05:21 INFO  skipping build import with status 'Requested'[0m
2022.07.24 15:05:50 ERROR scalafmt: /home/tom/workspace/tom/Training/Tom/EntryPoint.scala:9: error: [dialect scala213] identifier expected but } found
}
^[0m
2022.07.24 15:05:50 WARN  no build target for: /home/tom/workspace/tom/Training/Tom/EntryPoint.scala[0m
2022.07.24 15:05:50 INFO  skipping build import with status 'Requested'[0m
2022.07.24 15:06:04 WARN  no build target for: /home/tom/workspace/tom/Training/Tom/EntryPoint.scala[0m
2022.07.24 15:06:04 INFO  skipping build import with status 'Requested'[0m
2022.07.24 15:06:18 WARN  no build target for: /home/tom/workspace/tom/Training/Tom/EntryPoint.scala[0m
2022.07.24 15:06:19 WARN  no build target for: /home/tom/workspace/tom/Training/Tom/EntryPoint.scala[0m
2022.07.24 15:06:19 INFO  skipping build import with status 'Requested'[0m
2022.07.24 15:06:20 WARN  no build target for: /home/tom/workspace/tom/Training/Tom/EntryPoint.scala[0m
2022.07.24 15:06:20 INFO  skipping build import with status 'Requested'[0m
2022.07.24 15:06:22 WARN  no build target for: /home/tom/workspace/tom/Training/Tom/EntryPoint.scala[0m
2022.07.24 15:06:22 INFO  skipping build import with status 'Requested'[0m
2022.07.24 15:08:25 WARN  no build target for: /home/tom/workspace/tom/Training/Tom/EntryPoint.scala[0m
2022.07.24 15:08:25 INFO  skipping build import with status 'Requested'[0m
2022.07.24 15:08:31 ERROR scalafmt: /home/tom/workspace/tom/Training/Tom/EntryPoint.scala:10: error: [dialect scala213] = expected but } found
}
^[0m
2022.07.24 15:08:31 WARN  no build target for: /home/tom/workspace/tom/Training/Tom/EntryPoint.scala[0m
2022.07.24 15:08:31 INFO  skipping build import with status 'Requested'[0m
2022.07.24 15:08:40 ERROR scalafmt: /home/tom/workspace/tom/Training/Tom/EntryPoint.scala:10: error: [dialect scala213] illegal start of simple expression
}
^[0m
2022.07.24 15:08:40 WARN  no build target for: /home/tom/workspace/tom/Training/Tom/EntryPoint.scala[0m
2022.07.24 15:08:40 INFO  skipping build import with status 'Requested'[0m
2022.07.24 15:08:44 ERROR scalafmt: /home/tom/workspace/tom/Training/Tom/EntryPoint.scala:10: error: [dialect scala213] illegal start of simple expression
}
^[0m
2022.07.24 15:08:44 WARN  no build target for: /home/tom/workspace/tom/Training/Tom/EntryPoint.scala[0m
2022.07.24 15:08:44 INFO  skipping build import with status 'Requested'[0m
2022.07.24 15:08:53 WARN  no build target for: /home/tom/workspace/tom/Training/Tom/EntryPoint.scala[0m
2022.07.24 15:08:53 INFO  skipping build import with status 'Requested'[0m
2022.07.24 15:08:56 WARN  no build target for: /home/tom/workspace/tom/Training/Tom/EntryPoint.scala[0m
2022.07.24 15:08:56 INFO  skipping build import with status 'Requested'[0m
2022.07.24 15:09:03 WARN  no build target for: /home/tom/workspace/tom/Training/Tom/EntryPoint.scala[0m
2022.07.24 15:09:03 INFO  skipping build import with status 'Requested'[0m
2022.07.24 15:09:05 WARN  no build target for: /home/tom/workspace/tom/Training/Tom/EntryPoint.scala[0m
2022.07.24 15:09:05 INFO  skipping build import with status 'Requested'[0m
2022.07.24 15:09:09 WARN  no build target for: /home/tom/workspace/tom/Training/Tom/EntryPoint.scala[0m
2022.07.24 15:09:09 INFO  skipping build import with status 'Requested'[0m
2022.07.24 15:09:52 WARN  no build target for: /home/tom/workspace/tom/Training/Tom/EntryPoint.scala[0m
2022.07.24 15:09:52 INFO  skipping build import with status 'Requested'[0m
2022.07.24 15:09:58 WARN  no build target for: /home/tom/workspace/tom/Training/Tom/EntryPoint.scala[0m
2022.07.24 15:09:58 INFO  skipping build import with status 'Requested'[0m
2022.07.24 15:10:46 ERROR scalafmt: /home/tom/workspace/tom/Training/Tom/EntryPoint.scala:10: error: [dialect scala213] <- expected but ) found
  for(titles)
            ^[0m
2022.07.24 15:10:46 WARN  no build target for: /home/tom/workspace/tom/Training/Tom/EntryPoint.scala[0m
2022.07.24 15:10:46 INFO  skipping build import with status 'Requested'[0m
2022.07.24 15:10:54 ERROR scalafmt: /home/tom/workspace/tom/Training/Tom/EntryPoint.scala:11: error: [dialect scala213] illegal start of simple expression
}
^[0m
2022.07.24 15:10:55 WARN  no build target for: /home/tom/workspace/tom/Training/Tom/EntryPoint.scala[0m
2022.07.24 15:10:55 INFO  skipping build import with status 'Requested'[0m
2022.07.24 15:10:57 WARN  no build target for: /home/tom/workspace/tom/Training/Tom/EntryPoint.scala[0m
2022.07.24 15:10:57 INFO  skipping build import with status 'Requested'[0m
2022.07.24 15:11:08 WARN  no build target for: /home/tom/workspace/tom/Training/Tom/EntryPoint.scala[0m
2022.07.24 15:11:08 INFO  skipping build import with status 'Requested'[0m
2022.07.24 15:12:06 WARN  no build target for: /home/tom/workspace/tom/Training/Tom/EntryPoint.scala[0m
2022.07.24 15:12:06 INFO  skipping build import with status 'Requested'[0m
2022.07.24 15:16:00 WARN  no build target for: /home/tom/workspace/tom/Training/Tom/EntryPoint.scala[0m
2022.07.24 15:16:02 WARN  no build target for: /home/tom/workspace/tom/Training/Tom/EntryPoint.scala[0m
2022.07.24 15:16:02 WARN  no build target for: /home/tom/workspace/tom/Training/Tom/EntryPoint.scala[0m
2022.07.24 15:16:08 WARN  no build target for: /home/tom/workspace/tom/Training/Tom/EntryPoint.scala[0m
2022.07.24 15:16:08 INFO  skipping build import with status 'Requested'[0m
2022.07.24 15:16:12 WARN  no build target for: /home/tom/workspace/tom/Training/Tom/EntryPoint.scala[0m
2022.07.24 15:16:12 INFO  skipping build import with status 'Requested'[0m
2022.07.24 15:16:14 WARN  no build target for: /home/tom/workspace/tom/Training/Tom/EntryPoint.scala[0m
2022.07.24 15:16:14 INFO  skipping build import with status 'Requested'[0m
